0 info it worked if it ends with ok
1 verbose cli [ '/Users/student/.nvm/versions/node/v6.11.3/bin/node',
1 verbose cli   '/Users/student/.nvm/versions/node/v6.11.3/bin/npm',
1 verbose cli   'run',
1 verbose cli   'webpack' ]
2 info using npm@3.10.10
3 info using node@v6.11.3
4 verbose run-script [ 'prewebpack', 'webpack', 'postwebpack' ]
5 info lifecycle challenge_4@1.0.0~prewebpack: challenge_4@1.0.0
6 silly lifecycle challenge_4@1.0.0~prewebpack: no script for prewebpack, continuing
7 info lifecycle challenge_4@1.0.0~webpack: challenge_4@1.0.0
8 verbose lifecycle challenge_4@1.0.0~webpack: unsafe-perm in lifecycle true
9 verbose lifecycle challenge_4@1.0.0~webpack: PATH: /Users/student/.nvm/versions/node/v6.11.3/lib/node_modules/npm/bin/node-gyp-bin:/Users/student/code/hrsf99-mini-apps-1/challenge_4/node_modules/.bin:/Users/student/.nvm/versions/node/v6.11.3/bin:/usr/local/opt/sqlite/bin:/usr/local/bin:/usr/bin:/bin:/usr/sbin:/sbin
10 verbose lifecycle challenge_4@1.0.0~webpack: CWD: /Users/student/code/hrsf99-mini-apps-1/challenge_4
11 silly lifecycle challenge_4@1.0.0~webpack: Args: [ '-c', 'webpack --progress --watch' ]
12 silly lifecycle challenge_4@1.0.0~webpack: Returned: code: 1  signal: null
13 info lifecycle challenge_4@1.0.0~webpack: Failed to exec webpack script
14 verbose stack Error: challenge_4@1.0.0 webpack: `webpack --progress --watch`
14 verbose stack Exit status 1
14 verbose stack     at EventEmitter.<anonymous> (/Users/student/.nvm/versions/node/v6.11.3/lib/node_modules/npm/lib/utils/lifecycle.js:255:16)
14 verbose stack     at emitTwo (events.js:106:13)
14 verbose stack     at EventEmitter.emit (events.js:191:7)
14 verbose stack     at ChildProcess.<anonymous> (/Users/student/.nvm/versions/node/v6.11.3/lib/node_modules/npm/lib/utils/spawn.js:40:14)
14 verbose stack     at emitTwo (events.js:106:13)
14 verbose stack     at ChildProcess.emit (events.js:191:7)
14 verbose stack     at maybeClose (internal/child_process.js:920:16)
14 verbose stack     at Process.ChildProcess._handle.onexit (internal/child_process.js:230:5)
15 verbose pkgid challenge_4@1.0.0
16 verbose cwd /Users/student/code/hrsf99-mini-apps-1/challenge_4
17 error Darwin 16.7.0
18 error argv "/Users/student/.nvm/versions/node/v6.11.3/bin/node" "/Users/student/.nvm/versions/node/v6.11.3/bin/npm" "run" "webpack"
19 error node v6.11.3
20 error npm  v3.10.10
21 error code ELIFECYCLE
22 error challenge_4@1.0.0 webpack: `webpack --progress --watch`
22 error Exit status 1
23 error Failed at the challenge_4@1.0.0 webpack script 'webpack --progress --watch'.
23 error Make sure you have the latest version of node.js and npm installed.
23 error If you do, this is most likely a problem with the challenge_4 package,
23 error not with npm itself.
23 error Tell the author that this fails on your system:
23 error     webpack --progress --watch
23 error You can get information on how to open an issue for this project with:
23 error     npm bugs challenge_4
23 error Or if that isn't available, you can get their info via:
23 error     npm owner ls challenge_4
23 error There is likely additional logging output above.
24 verbose exit [ 1, true ]
